<?xml version="1.0" encoding="UTF-8"?>
<testsuite name="test.java.GivenWhiteBox" tests="1" skipped="0" failures="0" errors="0" timestamp="2019-03-22T00:38:52" hostname="HomeDesktop" time="0.0">
  <properties/>
  <testcase name="testAverageWithoutMinWithoutMax" classname="test.java.GivenWhiteBox" time="0.0"/>
  <system-out><![CDATA[50
]]></system-out>
  <system-err><![CDATA[]]></system-err>
</testsuite>
